# JRE version: OpenJDK Runtime Environment (8.0_242-b01) (build 1.8.0_242-release-1644-b01)
# Java VM: OpenJDK 64-Bit Server VM (25.242-b01 mixed mode windows-amd64 compressed oops)
Heap:
 PSYoungGen      total 542720K, used 340954K [0x00000000d5580000, 0x0000000100000000, 0x0000000100000000)
  eden space 425472K, 60% used [0x00000000d5580000,0x00000000e5125f00,0x00000000ef500000)
  from space 117248K, 71% used [0x00000000f6f80000,0x00000000fc0d0a28,0x00000000fe200000)
  to   space 125440K, 0% used [0x00000000ef500000,0x00000000ef500000,0x00000000f6f80000)
 ParOldGen       total 493056K, used 129437K [0x0000000080000000, 0x000000009e180000, 0x00000000d5580000)
  object space 493056K, 26% used [0x0000000080000000,0x0000000087e67760,0x000000009e180000)
 Metaspace       used 330161K, capacity 350320K, committed 350616K, reserved 1353728K
  class space    used 42010K, capacity 45671K, committed 45744K, reserved 1048576K
GC Heap History (10 events):
Event: 6648.855 GC heap before
{Heap before GC invocations=73 (full 8):
 PSYoungGen      total 545792K, used 435772K [0x00000000d5580000, 0x00000000ff000000, 0x0000000100000000)
  eden space 412160K, 100% used [0x00000000d5580000,0x00000000ee800000,0x00000000ee800000)
  from space 133632K, 17% used [0x00000000f6d80000,0x00000000f848f158,0x00000000ff000000)
  to   space 135168K, 0% used [0x00000000ee800000,0x00000000ee800000,0x00000000f6c00000)
 ParOldGen       total 493056K, used 318108K [0x0000000080000000, 0x000000009e180000, 0x00000000d5580000)
  object space 493056K, 64% used [0x0000000080000000,0x00000000936a7238,0x000000009e180000)
 Metaspace       used 299713K, capacity 317718K, committed 317848K, reserved 1325056K
  class space    used 38062K, capacity 41322K, committed 41392K, reserved 1048576K
Event: 6648.875 GC heap after
Heap after GC invocations=73 (full 8):
 PSYoungGen      total 547328K, used 20493K [0x00000000d5580000, 0x00000000ff780000, 0x0000000100000000)
  eden space 412160K, 0% used [0x00000000d5580000,0x00000000d5580000,0x00000000ee800000)
  from space 135168K, 15% used [0x00000000ee800000,0x00000000efc03528,0x00000000f6c00000)
  to   space 130048K, 0% used [0x00000000f7880000,0x00000000f7880000,0x00000000ff780000)
 ParOldGen       total 493056K, used 318116K [0x0000000080000000, 0x000000009e180000, 0x00000000d5580000)
  object space 493056K, 64% used [0x0000000080000000,0x00000000936a9238,0x000000009e180000)
 Metaspace       used 299713K, capacity 317718K, committed 317848K, reserved 1325056K
  class space    used 38062K, capacity 41322K, committed 41392K, reserved 1048576K
}
Event: 6653.832 GC heap before
{Heap before GC invocations=74 (full 8):
 PSYoungGen      total 547328K, used 432653K [0x00000000d5580000, 0x00000000ff780000, 0x0000000100000000)
  eden space 412160K, 100% used [0x00000000d5580000,0x00000000ee800000,0x00000000ee800000)
  from space 135168K, 15% used [0x00000000ee800000,0x00000000efc03528,0x00000000f6c00000)
  to   space 130048K, 0% used [0x00000000f7880000,0x00000000f7880000,0x00000000ff780000)
 ParOldGen       total 493056K, used 318116K [0x0000000080000000, 0x000000009e180000, 0x00000000d5580000)
  object space 493056K, 64% used [0x0000000080000000,0x00000000936a9238,0x000000009e180000)
 Metaspace       used 314183K, capacity 333118K, committed 333208K, reserved 1339392K
  class space    used 39963K, capacity 43402K, committed 43440K, reserved 1048576K
Event: 6653.863 GC heap after
Heap after GC invocations=74 (full 8):
 PSYoungGen      total 550912K, used 39350K [0x00000000d5580000, 0x00000000feb00000, 0x0000000100000000)
  eden space 433664K, 0% used [0x00000000d5580000,0x00000000d5580000,0x00000000efd00000)
  from space 117248K, 33% used [0x00000000f7880000,0x00000000f9eed8c0,0x00000000feb00000)
  to   space 121856K, 0% used [0x00000000efd00000,0x00000000efd00000,0x00000000f7400000)
 ParOldGen       total 493056K, used 318116K [0x0000000080000000, 0x000000009e180000, 0x00000000d5580000)
  object space 493056K, 64% used [0x0000000080000000,0x00000000936a9238,0x000000009e180000)
 Metaspace       used 314183K, capacity 333118K, committed 333208K, reserved 1339392K
  class space    used 39963K, capacity 43402K, committed 43440K, reserved 1048576K
}
Event: 8243.379 GC heap before
{Heap before GC invocations=75 (full 8):
 PSYoungGen      total 550912K, used 425732K [0x00000000d5580000, 0x00000000feb00000, 0x0000000100000000)
  eden space 433664K, 89% used [0x00000000d5580000,0x00000000eced37c8,0x00000000efd00000)
  from space 117248K, 33% used [0x00000000f7880000,0x00000000f9eed8c0,0x00000000feb00000)
  to   space 121856K, 0% used [0x00000000efd00000,0x00000000efd00000,0x00000000f7400000)
 ParOldGen       total 493056K, used 318116K [0x0000000080000000, 0x000000009e180000, 0x00000000d5580000)
  object space 493056K, 64% used [0x0000000080000000,0x00000000936a9238,0x000000009e180000)
 Metaspace       used 319819K, capacity 339500K, committed 339608K, reserved 1345536K
  class space    used 40752K, capacity 44369K, committed 44464K, reserved 1048576K
Event: 8243.440 GC heap after
Heap after GC invocations=75 (full 8):
 PSYoungGen      total 456192K, used 22271K [0x00000000d5580000, 0x00000000fe200000, 0x0000000100000000)
  eden space 433664K, 0% used [0x00000000d5580000,0x00000000d5580000,0x00000000efd00000)
  from space 22528K, 98% used [0x00000000efd00000,0x00000000f12bfd30,0x00000000f1300000)
  to   space 117248K, 0% used [0x00000000f6f80000,0x00000000f6f80000,0x00000000fe200000)
 ParOldGen       total 493056K, used 318124K [0x0000000080000000, 0x000000009e180000, 0x00000000d5580000)
  object space 493056K, 64% used [0x0000000080000000,0x00000000936ab238,0x000000009e180000)
 Metaspace       used 319819K, capacity 339500K, committed 339608K, reserved 1345536K
  class space    used 40752K, capacity 44369K, committed 44464K, reserved 1048576K
}
Event: 8243.440 GC heap before
{Heap before GC invocations=76 (full 9):
 PSYoungGen      total 456192K, used 22271K [0x00000000d5580000, 0x00000000fe200000, 0x0000000100000000)
  eden space 433664K, 0% used [0x00000000d5580000,0x00000000d5580000,0x00000000efd00000)
  from space 22528K, 98% used [0x00000000efd00000,0x00000000f12bfd30,0x00000000f1300000)
  to   space 117248K, 0% used [0x00000000f6f80000,0x00000000f6f80000,0x00000000fe200000)
 ParOldGen       total 493056K, used 318124K [0x0000000080000000, 0x000000009e180000, 0x00000000d5580000)
  object space 493056K, 64% used [0x0000000080000000,0x00000000936ab238,0x000000009e180000)
 Metaspace       used 319819K, capacity 339500K, committed 339608K, reserved 1345536K
  class space    used 40752K, capacity 44369K, committed 44464K, reserved 1048576K
Event: 8244.374 GC heap after
Heap after GC invocations=76 (full 9):
 PSYoungGen      total 456192K, used 0K [0x00000000d5580000, 0x00000000fe200000, 0x0000000100000000)
  eden space 433664K, 0% used [0x00000000d5580000,0x00000000d5580000,0x00000000efd00000)
  from space 22528K, 0% used [0x00000000efd00000,0x00000000efd00000,0x00000000f1300000)
  to   space 117248K, 0% used [0x00000000f6f80000,0x00000000f6f80000,0x00000000fe200000)
 ParOldGen       total 493056K, used 129429K [0x0000000080000000, 0x000000009e180000, 0x00000000d5580000)
  object space 493056K, 26% used [0x0000000080000000,0x0000000087e65760,0x000000009e180000)
 Metaspace       used 316265K, capacity 335556K, committed 339608K, reserved 1345536K
  class space    used 40221K, capacity 43733K, committed 44464K, reserved 1048576K
}
Event: 8251.716 GC heap before
{Heap before GC invocations=77 (full 9):
 PSYoungGen      total 456192K, used 433664K [0x00000000d5580000, 0x00000000fe200000, 0x0000000100000000)
  eden space 433664K, 100% used [0x00000000d5580000,0x00000000efd00000,0x00000000efd00000)
  from space 22528K, 0% used [0x00000000efd00000,0x00000000efd00000,0x00000000f1300000)
  to   space 117248K, 0% used [0x00000000f6f80000,0x00000000f6f80000,0x00000000fe200000)
 ParOldGen       total 493056K, used 129429K [0x0000000080000000, 0x000000009e180000, 0x00000000d5580000)
  object space 493056K, 26% used [0x0000000080000000,0x0000000087e65760,0x000000009e180000)
 Metaspace       used 327687K, capacity 347678K, committed 348056K, reserved 1351680K
  class space    used 41695K, capacity 45360K, committed 45488K, reserved 1048576K
Event: 8251.797 GC heap after
Heap after GC invocations=77 (full 9):
 PSYoungGen      total 542720K, used 83266K [0x00000000d5580000, 0x0000000100000000, 0x0000000100000000)
  eden space 425472K, 0% used [0x00000000d5580000,0x00000000d5580000,0x00000000ef500000)
  from space 117248K, 71% used [0x00000000f6f80000,0x00000000fc0d0a28,0x00000000fe200000)
  to   space 125440K, 0% used [0x00000000ef500000,0x00000000ef500000,0x00000000f6f80000)
 ParOldGen       total 493056K, used 129437K [0x0000000080000000, 0x000000009e180000, 0x00000000d5580000)
  object space 493056K, 26% used [0x0000000080000000,0x0000000087e67760,0x000000009e180000)
 Metaspace       used 327687K, capacity 347678K, committed 348056K, reserved 1351680K
  class space    used 41695K, capacity 45360K, committed 45488K, reserved 1048576K
}

